Using pre-set license
Built from '2021.3/staging' branch; Version is '2021.3.6f1 (7da38d85baf6) revision 8233869'; Using compiler version '192829333'; Build Type 'Release'
OS: 'Windows 10  (10.0.19044) 64bit Professional' Language: 'en' Physical Memory: 16203 MB
BatchMode: 1, IsHumanControllingUs: 0, StartBugReporterOnCrash: 0, Is64bit: 1, IsPro: 1

COMMAND LINE ARGUMENTS:
C:\Program Files\Unity\Hub\Editor\2021.3.6f1\Editor\Unity.exe
-adb2
-batchMode
-noUpm
-name
AssetImportWorker0
-projectPath
C:/Mi/Repos/Swack
-logFile
Logs/AssetImportWorker0.log
-srvPort
51518
Successfully changed project path to: C:/Mi/Repos/Swack
C:/Mi/Repos/Swack
[UnityMemory] Configuration Parameters - Can be set up in boot.config
    "memorysetup-bucket-allocator-granularity=16"
    "memorysetup-bucket-allocator-bucket-count=8"
    "memorysetup-bucket-allocator-block-size=33554432"
    "memorysetup-bucket-allocator-block-count=8"
    "memorysetup-main-allocator-block-size=16777216"
    "memorysetup-thread-allocator-block-size=16777216"
    "memorysetup-gfx-main-allocator-block-size=16777216"
    "memorysetup-gfx-thread-allocator-block-size=16777216"
    "memorysetup-cache-allocator-block-size=4194304"
    "memorysetup-typetree-allocator-block-size=2097152"
    "memorysetup-profiler-bucket-allocator-granularity=16"
    "memorysetup-profiler-bucket-allocator-bucket-count=8"
    "memorysetup-profiler-bucket-allocator-block-size=33554432"
    "memorysetup-profiler-bucket-allocator-block-count=8"
    "memorysetup-profiler-allocator-block-size=16777216"
    "memorysetup-profiler-editor-allocator-block-size=1048576"
    "memorysetup-temp-allocator-size-main=16777216"
    "memorysetup-job-temp-allocator-block-size=2097152"
    "memorysetup-job-temp-allocator-block-size-background=1048576"
    "memorysetup-job-temp-allocator-reduction-small-platforms=262144"
    "memorysetup-temp-allocator-size-background-worker=32768"
    "memorysetup-temp-allocator-size-job-worker=262144"
    "memorysetup-temp-allocator-size-preload-manager=33554432"
    "memorysetup-temp-allocator-size-nav-mesh-worker=65536"
    "memorysetup-temp-allocator-size-audio-worker=65536"
    "memorysetup-temp-allocator-size-cloud-worker=32768"
    "memorysetup-temp-allocator-size-gi-baking-worker=262144"
    "memorysetup-temp-allocator-size-gfx=262144"
Refreshing native plugins compatible for Editor in 27.71 ms, found 0 plugins.
Preloading 0 native plugins for Editor in 0.00 ms.
Initialize engine version: 2021.3.6f1 (7da38d85baf6)
[Subsystems] Discovering subsystems at path C:/Program Files/Unity/Hub/Editor/2021.3.6f1/Editor/Data/Resources/UnitySubsystems
[Subsystems] Discovering subsystems at path C:/Mi/Repos/Swack/Assets
GfxDevice: creating device client; threaded=0; jobified=0
Direct3D:
    Version:  Direct3D 11.0 [level 11.1]
    Renderer: NVIDIA GeForce RTX 2070 with Max-Q Design (ID=0x1f10)
    Vendor:   NVIDIA
    VRAM:     8031 MB
    Driver:   30.0.15.1215
Initialize mono
Mono path[0] = 'C:/Program Files/Unity/Hub/Editor/2021.3.6f1/Editor/Data/Managed'
Mono path[1] = 'C:/Program Files/Unity/Hub/Editor/2021.3.6f1/Editor/Data/MonoBleedingEdge/lib/mono/unityjit-win32'
Mono config path = 'C:/Program Files/Unity/Hub/Editor/2021.3.6f1/Editor/Data/MonoBleedingEdge/etc'
Using monoOptions --debugger-agent=transport=dt_socket,embedding=1,server=y,suspend=n,address=127.0.0.1:56736
Begin MonoManager ReloadAssembly
Registering precompiled unity dll's ...
Register platform support module: C:/Program Files/Unity/Hub/Editor/2021.3.6f1/Editor/Data/PlaybackEngines/WindowsStandaloneSupport/UnityEditor.WindowsStandalone.Extensions.dll
Registered in 0.006294 seconds.
Native extension for WindowsStandalone target not found
Refreshing native plugins compatible for Editor in 22.60 ms, found 0 plugins.
Preloading 0 native plugins for Editor in 0.00 ms.
Mono: successfully reloaded assembly
- Completed reload, in  0.751 seconds
Domain Reload Profiling:
	ReloadAssembly (752ms)
		BeginReloadAssembly (91ms)
			ExecutionOrderSort (0ms)
			DisableScriptedObjects (0ms)
			BackupInstance (0ms)
			ReleaseScriptingObjects (0ms)
			CreateAndSetChildDomain (1ms)
		EndReloadAssembly (536ms)
			LoadAssemblies (88ms)
			RebuildTransferFunctionScriptingTraits (0ms)
			SetupTypeCache (108ms)
			ReleaseScriptCaches (0ms)
			RebuildScriptCaches (31ms)
			SetupLoadedEditorAssemblies (342ms)
				LogAssemblyErrors (0ms)
				InitializePlatformSupportModulesInManaged (8ms)
				SetLoadedEditorAssemblies (0ms)
				RefreshPlugins (23ms)
				BeforeProcessingInitializeOnLoad (2ms)
				ProcessInitializeOnLoadAttributes (237ms)
				ProcessInitializeOnLoadMethodAttributes (72ms)
				AfterProcessingInitializeOnLoad (0ms)
				EditorAssembliesLoaded (0ms)
			ExecutionOrderSort2 (0ms)
			AwakeInstancesAfterBackupRestoration (0ms)
Platform modules already initialized, skipping
Registering precompiled user dll's ...
Registered in 0.000463 seconds.
Begin MonoManager ReloadAssembly
Native extension for WindowsStandalone target not found
Refreshing native plugins compatible for Editor in 0.19 ms, found 0 plugins.
Preloading 0 native plugins for Editor in 0.00 ms.
Mono: successfully reloaded assembly
- Completed reload, in  0.729 seconds
Domain Reload Profiling:
	ReloadAssembly (730ms)
		BeginReloadAssembly (119ms)
			ExecutionOrderSort (0ms)
			DisableScriptedObjects (6ms)
			BackupInstance (0ms)
			ReleaseScriptingObjects (0ms)
			CreateAndSetChildDomain (19ms)
		EndReloadAssembly (499ms)
			LoadAssemblies (71ms)
			RebuildTransferFunctionScriptingTraits (0ms)
			SetupTypeCache (131ms)
			ReleaseScriptCaches (0ms)
			RebuildScriptCaches (44ms)
			SetupLoadedEditorAssemblies (226ms)
				LogAssemblyErrors (0ms)
				InitializePlatformSupportModulesInManaged (6ms)
				SetLoadedEditorAssemblies (1ms)
				RefreshPlugins (0ms)
				BeforeProcessingInitializeOnLoad (50ms)
				ProcessInitializeOnLoadAttributes (130ms)
				ProcessInitializeOnLoadMethodAttributes (31ms)
				AfterProcessingInitializeOnLoad (8ms)
				EditorAssembliesLoaded (0ms)
			ExecutionOrderSort2 (0ms)
			AwakeInstancesAfterBackupRestoration (6ms)
Platform modules already initialized, skipping
========================================================================
Worker process is ready to serve import requests
Launched and connected shader compiler UnityShaderCompiler.exe after 0.04 seconds
Refreshing native plugins compatible for Editor in 0.25 ms, found 0 plugins.
Preloading 0 native plugins for Editor in 0.00 ms.
Unloading 1038 Unused Serialized files (Serialized files now loaded: 0)
Unloading 14 unused Assets / (93.4 KB). Loaded Objects now: 1521.
Memory consumption went from 52.6 MB to 52.5 MB.
Total: 3.009100 ms (FindLiveObjects: 0.135000 ms CreateObjectMapping: 0.050000 ms MarkObjects: 2.722000 ms  DeleteObjects: 0.101000 ms)

AssetImportParameters requested are different than current active one (requested -> active):
  custom:video-decoder-ogg-theora: a1e56fd34408186e4bbccfd4996cb3dc -> 
  custom:container-muxer-webm: aa71ff27fc2769a1b78a27578f13a17b -> 
  custom:container-demuxer-webm: 4f35f7cbe854078d1ac9338744f61a02 -> 
  custom:video-encoder-webm-vp8: eb34c28f22e8b96e1ab97ce403110664 -> 
  custom:audio-encoder-webm-vorbis: bf7c407c2cedff20999df2af8eb42d56 -> 
  custom:framework-win-MediaFoundation: 216162199b28c13a410421893ffa2e32 -> 
  custom:container-demuxer-ogg: 62fdf1f143b41e24485cea50d1cbac27 -> 
  custom:video-decoder-webm-vp8: 9c59270c3fd7afecdb556c50c9e8de78 -> 
  custom:audio-decoder-ogg-vorbis: bf7c407c2cedff20999df2af8eb42d56 -> 
========================================================================
Received Import Request.
  Time since last request: 160406.556557 seconds.
  path: Assets/Swarmify/Scenes/Autonomous.unity
  artifactKey: Guid(99c9720ab356a0642a771bea13969a05) Importer(815301076,1909f56bfc062723c751e8b465ee728b)
Start importing Assets/Swarmify/Scenes/Autonomous.unity using Guid(99c9720ab356a0642a771bea13969a05) Importer(815301076,1909f56bfc062723c751e8b465ee728b)  -> (artifact id: 'a84456dc87f0bc234dd73772e74edd88') in 0.007571 seconds 
========================================================================
Received Prepare
Registering precompiled user dll's ...
Registered in 0.000561 seconds.
Begin MonoManager ReloadAssembly
Native extension for WindowsStandalone target not found
Refreshing native plugins compatible for Editor in 0.17 ms, found 0 plugins.
Preloading 0 native plugins for Editor in 0.00 ms.
Mono: successfully reloaded assembly
- Completed reload, in  0.811 seconds
Domain Reload Profiling:
	ReloadAssembly (813ms)
		BeginReloadAssembly (134ms)
			ExecutionOrderSort (0ms)
			DisableScriptedObjects (7ms)
			BackupInstance (0ms)
			ReleaseScriptingObjects (0ms)
			CreateAndSetChildDomain (25ms)
		EndReloadAssembly (569ms)
			LoadAssemblies (73ms)
			RebuildTransferFunctionScriptingTraits (0ms)
			SetupTypeCache (136ms)
			ReleaseScriptCaches (1ms)
			RebuildScriptCaches (39ms)
			SetupLoadedEditorAssemblies (272ms)
				LogAssemblyErrors (0ms)
				InitializePlatformSupportModulesInManaged (16ms)
				SetLoadedEditorAssemblies (1ms)
				RefreshPlugins (0ms)
				BeforeProcessingInitializeOnLoad (49ms)
				ProcessInitializeOnLoadAttributes (154ms)
				ProcessInitializeOnLoadMethodAttributes (39ms)
				AfterProcessingInitializeOnLoad (12ms)
				EditorAssembliesLoaded (0ms)
			ExecutionOrderSort2 (0ms)
			AwakeInstancesAfterBackupRestoration (7ms)
Platform modules already initialized, skipping
Refreshing native plugins compatible for Editor in 0.34 ms, found 0 plugins.
Preloading 0 native plugins for Editor in 0.00 ms.
Unloading 1033 Unused Serialized files (Serialized files now loaded: 0)
Unloading 3 unused Assets / (60.0 KB). Loaded Objects now: 1524.
Memory consumption went from 52.5 MB to 52.4 MB.
Total: 2.310800 ms (FindLiveObjects: 0.114900 ms CreateObjectMapping: 0.034200 ms MarkObjects: 2.135500 ms  DeleteObjects: 0.025400 ms)

AssetImportParameters requested are different than current active one (requested -> active):
  custom:video-decoder-ogg-theora: a1e56fd34408186e4bbccfd4996cb3dc -> 
  custom:container-muxer-webm: aa71ff27fc2769a1b78a27578f13a17b -> 
  custom:container-demuxer-webm: 4f35f7cbe854078d1ac9338744f61a02 -> 
  custom:video-encoder-webm-vp8: eb34c28f22e8b96e1ab97ce403110664 -> 
  custom:audio-encoder-webm-vorbis: bf7c407c2cedff20999df2af8eb42d56 -> 
  custom:framework-win-MediaFoundation: 216162199b28c13a410421893ffa2e32 -> 
  custom:container-demuxer-ogg: 62fdf1f143b41e24485cea50d1cbac27 -> 
  custom:video-decoder-webm-vp8: 9c59270c3fd7afecdb556c50c9e8de78 -> 
  custom:audio-decoder-ogg-vorbis: bf7c407c2cedff20999df2af8eb42d56 -> 
========================================================================
Received Prepare
Registering precompiled user dll's ...
Registered in 0.001093 seconds.
Begin MonoManager ReloadAssembly
Native extension for WindowsStandalone target not found
Refreshing native plugins compatible for Editor in 0.20 ms, found 0 plugins.
Preloading 0 native plugins for Editor in 0.00 ms.
Mono: successfully reloaded assembly
- Completed reload, in  0.865 seconds
Domain Reload Profiling:
	ReloadAssembly (866ms)
		BeginReloadAssembly (147ms)
			ExecutionOrderSort (0ms)
			DisableScriptedObjects (13ms)
			BackupInstance (0ms)
			ReleaseScriptingObjects (0ms)
			CreateAndSetChildDomain (26ms)
		EndReloadAssembly (591ms)
			LoadAssemblies (82ms)
			RebuildTransferFunctionScriptingTraits (0ms)
			SetupTypeCache (173ms)
			ReleaseScriptCaches (1ms)
			RebuildScriptCaches (41ms)
			SetupLoadedEditorAssemblies (252ms)
				LogAssemblyErrors (0ms)
				InitializePlatformSupportModulesInManaged (14ms)
				SetLoadedEditorAssemblies (0ms)
				RefreshPlugins (0ms)
				BeforeProcessingInitializeOnLoad (48ms)
				ProcessInitializeOnLoadAttributes (146ms)
				ProcessInitializeOnLoadMethodAttributes (30ms)
				AfterProcessingInitializeOnLoad (13ms)
				EditorAssembliesLoaded (0ms)
			ExecutionOrderSort2 (0ms)
			AwakeInstancesAfterBackupRestoration (8ms)
Platform modules already initialized, skipping
Refreshing native plugins compatible for Editor in 0.48 ms, found 0 plugins.
Preloading 0 native plugins for Editor in 0.00 ms.
Unloading 1072 Unused Serialized files (Serialized files now loaded: 0)
Unloading 3 unused Assets / (59.9 KB). Loaded Objects now: 1566.
Memory consumption went from 53.6 MB to 53.5 MB.
Total: 2.525900 ms (FindLiveObjects: 0.106000 ms CreateObjectMapping: 0.029400 ms MarkObjects: 2.364700 ms  DeleteObjects: 0.024800 ms)

AssetImportParameters requested are different than current active one (requested -> active):
  custom:video-decoder-ogg-theora: a1e56fd34408186e4bbccfd4996cb3dc -> 
  custom:container-muxer-webm: aa71ff27fc2769a1b78a27578f13a17b -> 
  custom:container-demuxer-webm: 4f35f7cbe854078d1ac9338744f61a02 -> 
  custom:video-encoder-webm-vp8: eb34c28f22e8b96e1ab97ce403110664 -> 
  custom:audio-encoder-webm-vorbis: bf7c407c2cedff20999df2af8eb42d56 -> 
  custom:framework-win-MediaFoundation: 216162199b28c13a410421893ffa2e32 -> 
  custom:container-demuxer-ogg: 62fdf1f143b41e24485cea50d1cbac27 -> 
  custom:video-decoder-webm-vp8: 9c59270c3fd7afecdb556c50c9e8de78 -> 
  custom:audio-decoder-ogg-vorbis: bf7c407c2cedff20999df2af8eb42d56 -> 
========================================================================
Received Import Request.
  Time since last request: 771.641780 seconds.
  path: Assets/Swarmify/Scripts/MotionPlanning/GPU/CS_center.prefab
  artifactKey: Guid(220adbfc7b4f8b243b662f1752e62dfb) Importer(815301076,1909f56bfc062723c751e8b465ee728b)
Start importing Assets/Swarmify/Scripts/MotionPlanning/GPU/CS_center.prefab using Guid(220adbfc7b4f8b243b662f1752e62dfb) Importer(815301076,1909f56bfc062723c751e8b465ee728b)  -> (artifact id: '22645b9c92859327287db22f0e3885e7') in 0.045860 seconds 
========================================================================
Received Import Request.
  Time since last request: 94.616325 seconds.
  path: Assets/Swarmify/Models/DiamondOBJ.obj
  artifactKey: Guid(c82ab39741d96fd47aacaba84ab6f235) Importer(815301076,1909f56bfc062723c751e8b465ee728b)
Start importing Assets/Swarmify/Models/DiamondOBJ.obj using Guid(c82ab39741d96fd47aacaba84ab6f235) Importer(815301076,1909f56bfc062723c751e8b465ee728b)  -> (artifact id: 'fb884a2422e2238a38f69689cc20d81b') in 0.148175 seconds 
========================================================================
Received Import Request.
  Time since last request: 31.275614 seconds.
  path: Assets/Swarmify/Prefabs/Leader.prefab
  artifactKey: Guid(80268765fad5e4e4ab7e2abc8824adbd) Importer(815301076,1909f56bfc062723c751e8b465ee728b)
Start importing Assets/Swarmify/Prefabs/Leader.prefab using Guid(80268765fad5e4e4ab7e2abc8824adbd) Importer(815301076,1909f56bfc062723c751e8b465ee728b)  -> (artifact id: '2ec658966c35bf2ac3f9941a9d3d8596') in 0.247655 seconds 
========================================================================
Received Import Request.
  Time since last request: 2.250186 seconds.
  path: Assets/Swarmify/Prefabs/Leader.prefab
  artifactKey: Guid(80268765fad5e4e4ab7e2abc8824adbd) Importer(815301076,1909f56bfc062723c751e8b465ee728b)
Start importing Assets/Swarmify/Prefabs/Leader.prefab using Guid(80268765fad5e4e4ab7e2abc8824adbd) Importer(815301076,1909f56bfc062723c751e8b465ee728b)  -> (artifact id: '7ae3d13c2a0fa6fa99c0aa6900754ecf') in 0.008512 seconds 
========================================================================
Received Import Request.
  Time since last request: 10.990026 seconds.
  path: Assets/Swarmify/Prefabs/Obstacle.prefab
  artifactKey: Guid(eda516f75abce7745b4a2359ae27a2e8) Importer(815301076,1909f56bfc062723c751e8b465ee728b)
Start importing Assets/Swarmify/Prefabs/Obstacle.prefab using Guid(eda516f75abce7745b4a2359ae27a2e8) Importer(815301076,1909f56bfc062723c751e8b465ee728b)  -> (artifact id: 'ce8253464375d0fcec0168538373d086') in 0.034774 seconds 
========================================================================
Received Import Request.
  Time since last request: 7.856607 seconds.
  path: Assets/Swarmify/Prefabs/UI_DroneSetup.prefab
  artifactKey: Guid(da1070390eea8bd4cb2eb6738d7fe61a) Importer(815301076,1909f56bfc062723c751e8b465ee728b)
Start importing Assets/Swarmify/Prefabs/UI_DroneSetup.prefab using Guid(da1070390eea8bd4cb2eb6738d7fe61a) Importer(815301076,1909f56bfc062723c751e8b465ee728b)  -> (artifact id: 'ef0b957f9683633dab80081276830844') in 0.017235 seconds 
========================================================================
Received Import Request.
  Time since last request: 4.276744 seconds.
  path: Assets/Swarmify/Prefabs/UI_DroneSetup.prefab
  artifactKey: Guid(da1070390eea8bd4cb2eb6738d7fe61a) Importer(815301076,1909f56bfc062723c751e8b465ee728b)
Start importing Assets/Swarmify/Prefabs/UI_DroneSetup.prefab using Guid(da1070390eea8bd4cb2eb6738d7fe61a) Importer(815301076,1909f56bfc062723c751e8b465ee728b)  -> (artifact id: 'c16935b8fb3f19bc1ab99090f31d954f') in 0.005659 seconds 
========================================================================
Received Prepare
Registering precompiled user dll's ...
Registered in 0.000382 seconds.
Begin MonoManager ReloadAssembly
Native extension for WindowsStandalone target not found
Refreshing native plugins compatible for Editor in 0.18 ms, found 0 plugins.
Preloading 0 native plugins for Editor in 0.00 ms.
Mono: successfully reloaded assembly
- Completed reload, in  0.741 seconds
Domain Reload Profiling:
	ReloadAssembly (742ms)
		BeginReloadAssembly (126ms)
			ExecutionOrderSort (0ms)
			DisableScriptedObjects (6ms)
			BackupInstance (0ms)
			ReleaseScriptingObjects (0ms)
			CreateAndSetChildDomain (31ms)
		EndReloadAssembly (522ms)
			LoadAssemblies (69ms)
			RebuildTransferFunctionScriptingTraits (0ms)
			SetupTypeCache (128ms)
			ReleaseScriptCaches (1ms)
			RebuildScriptCaches (40ms)
			SetupLoadedEditorAssemblies (239ms)
				LogAssemblyErrors (0ms)
				InitializePlatformSupportModulesInManaged (13ms)
				SetLoadedEditorAssemblies (0ms)
				RefreshPlugins (0ms)
				BeforeProcessingInitializeOnLoad (42ms)
				ProcessInitializeOnLoadAttributes (139ms)
				ProcessInitializeOnLoadMethodAttributes (33ms)
				AfterProcessingInitializeOnLoad (11ms)
				EditorAssembliesLoaded (0ms)
			ExecutionOrderSort2 (0ms)
			AwakeInstancesAfterBackupRestoration (9ms)
Platform modules already initialized, skipping
Refreshing native plugins compatible for Editor in 0.38 ms, found 0 plugins.
Preloading 0 native plugins for Editor in 0.00 ms.
Unloading 1072 Unused Serialized files (Serialized files now loaded: 0)
Unloading 7 unused Assets / (63.1 KB). Loaded Objects now: 1614.
Memory consumption went from 58.1 MB to 58.0 MB.
Total: 2.875100 ms (FindLiveObjects: 0.203100 ms CreateObjectMapping: 0.143200 ms MarkObjects: 2.469200 ms  DeleteObjects: 0.030300 ms)

AssetImportParameters requested are different than current active one (requested -> active):
  custom:video-decoder-ogg-theora: a1e56fd34408186e4bbccfd4996cb3dc -> 
  custom:container-muxer-webm: aa71ff27fc2769a1b78a27578f13a17b -> 
  custom:container-demuxer-webm: 4f35f7cbe854078d1ac9338744f61a02 -> 
  custom:video-encoder-webm-vp8: eb34c28f22e8b96e1ab97ce403110664 -> 
  custom:audio-encoder-webm-vorbis: bf7c407c2cedff20999df2af8eb42d56 -> 
  custom:framework-win-MediaFoundation: 216162199b28c13a410421893ffa2e32 -> 
  custom:container-demuxer-ogg: 62fdf1f143b41e24485cea50d1cbac27 -> 
  custom:video-decoder-webm-vp8: 9c59270c3fd7afecdb556c50c9e8de78 -> 
  custom:audio-decoder-ogg-vorbis: bf7c407c2cedff20999df2af8eb42d56 -> 
========================================================================
Received Import Request.
  Time since last request: 465.733120 seconds.
  path: Assets/Swarmify/Graphics/UI_Button.png
  artifactKey: Guid(1d37a4c12335b7949a1c6614391f67a2) Importer(815301076,1909f56bfc062723c751e8b465ee728b)
Start importing Assets/Swarmify/Graphics/UI_Button.png using Guid(1d37a4c12335b7949a1c6614391f67a2) Importer(815301076,1909f56bfc062723c751e8b465ee728b)  -> (artifact id: '8e288f517df04c34a2e06238bbf59024') in 0.109848 seconds 
========================================================================
Received Import Request.
  Time since last request: 0.004807 seconds.
  path: Assets/Swarmify/Prefabs/Obstacle.prefab
  artifactKey: Guid(eda516f75abce7745b4a2359ae27a2e8) Importer(815301076,1909f56bfc062723c751e8b465ee728b)
Start importing Assets/Swarmify/Prefabs/Obstacle.prefab using Guid(eda516f75abce7745b4a2359ae27a2e8) Importer(815301076,1909f56bfc062723c751e8b465ee728b)  -> (artifact id: '7c1fa54c44b43e9993176140b30f8d5e') in 0.027424 seconds 
========================================================================
Received Import Request.
  Time since last request: 0.004598 seconds.
  path: Assets/Swarmify/Scripts/UI/UI_SliderMaxSpeed.cs
  artifactKey: Guid(e9774398c85c7f448afe8484dc07c356) Importer(815301076,1909f56bfc062723c751e8b465ee728b)
Start importing Assets/Swarmify/Scripts/UI/UI_SliderMaxSpeed.cs using Guid(e9774398c85c7f448afe8484dc07c356) Importer(815301076,1909f56bfc062723c751e8b465ee728b)  -> (artifact id: '666becd19aa487e6c2b8168470dc2c63') in 0.006428 seconds 
========================================================================
Received Import Request.
  Time since last request: 0.004661 seconds.
  path: Assets/Swarmify/Scripts/MotionPlanning/Sensor.cs
  artifactKey: Guid(f5f019f7f0a4099478d09c29fc3a0677) Importer(815301076,1909f56bfc062723c751e8b465ee728b)
Start importing Assets/Swarmify/Scripts/MotionPlanning/Sensor.cs using Guid(f5f019f7f0a4099478d09c29fc3a0677) Importer(815301076,1909f56bfc062723c751e8b465ee728b)  -> (artifact id: 'c50438db681dffcc12b0cb551a0c8244') in 0.004721 seconds 
========================================================================
Received Import Request.
  Time since last request: 0.002150 seconds.
  path: Assets/Swarmify/Scripts/UI/Standard
  artifactKey: Guid(577652b54c318c440b6b273a9a65bd21) Importer(815301076,1909f56bfc062723c751e8b465ee728b)
Start importing Assets/Swarmify/Scripts/UI/Standard using Guid(577652b54c318c440b6b273a9a65bd21) Importer(815301076,1909f56bfc062723c751e8b465ee728b)  -> (artifact id: 'd65c722f12e1c9d46d53977be9a6ad83') in 0.006030 seconds 
========================================================================
Received Import Request.
  Time since last request: 0.003712 seconds.
  path: Assets/Swarmify/Fonts/OPENSANS-REGULAR_0.TTF
  artifactKey: Guid(13c5c80b51f434e4cbb8826600b235c4) Importer(815301076,1909f56bfc062723c751e8b465ee728b)
Start importing Assets/Swarmify/Fonts/OPENSANS-REGULAR_0.TTF using Guid(13c5c80b51f434e4cbb8826600b235c4) Importer(815301076,1909f56bfc062723c751e8b465ee728b)  -> (artifact id: 'a9610829b7ec5f42c53a2681fd4cea48') in 0.035678 seconds 
========================================================================
Received Import Request.
  Time since last request: 0.004482 seconds.
  path: Assets/Swarmify/Material/mat_Follower.mat
  artifactKey: Guid(67963c53a4a01b143b562a3e34bc6368) Importer(815301076,1909f56bfc062723c751e8b465ee728b)
Start importing Assets/Swarmify/Material/mat_Follower.mat using Guid(67963c53a4a01b143b562a3e34bc6368) Importer(815301076,1909f56bfc062723c751e8b465ee728b)  -> (artifact id: '88211b2824556ebb9a8c3e50b5d2c10d') in 0.101977 seconds 
========================================================================
Received Import Request.
  Time since last request: 0.003812 seconds.
  path: Assets/Swarmify/Scripts/UI/UI_DroneSetup.cs
  artifactKey: Guid(36dada9205f60f147a4d89b447337e43) Importer(815301076,1909f56bfc062723c751e8b465ee728b)
Start importing Assets/Swarmify/Scripts/UI/UI_DroneSetup.cs using Guid(36dada9205f60f147a4d89b447337e43) Importer(815301076,1909f56bfc062723c751e8b465ee728b)  -> (artifact id: 'dbef9d66cc528b36ced7e807c5d1b182') in 0.001571 seconds 
========================================================================
Received Import Request.
  Time since last request: 0.003528 seconds.
  path: Assets/Swarmify/Scripts/MotionPlanning/Obstacle.cs
  artifactKey: Guid(a4fb465da61ad8c4a9925b6ebdcebacb) Importer(815301076,1909f56bfc062723c751e8b465ee728b)
Start importing Assets/Swarmify/Scripts/MotionPlanning/Obstacle.cs using Guid(a4fb465da61ad8c4a9925b6ebdcebacb) Importer(815301076,1909f56bfc062723c751e8b465ee728b)  -> (artifact id: '7f59648584c8f32bc3747a327ab8f983') in 0.001546 seconds 
========================================================================
Received Import Request.
  Time since last request: 0.003259 seconds.
  path: Assets/Swarmify/Scripts/UI/UI_Scenes.cs
  artifactKey: Guid(b979066a70061ae498c37df52e4ebe95) Importer(815301076,1909f56bfc062723c751e8b465ee728b)
Start importing Assets/Swarmify/Scripts/UI/UI_Scenes.cs using Guid(b979066a70061ae498c37df52e4ebe95) Importer(815301076,1909f56bfc062723c751e8b465ee728b)  -> (artifact id: '6724a0a621e9fd2262b659e0c4eedab1') in 0.004333 seconds 
========================================================================
Received Import Request.
  Time since last request: 0.003201 seconds.
  path: Assets/Swarmify/Scripts/MotionPlanning/GPU/SwarmComputeShader.compute
  artifactKey: Guid(08f6fd4d7d8c5e14eb776a96fe3e5c0e) Importer(815301076,1909f56bfc062723c751e8b465ee728b)
Start importing Assets/Swarmify/Scripts/MotionPlanning/GPU/SwarmComputeShader.compute using Guid(08f6fd4d7d8c5e14eb776a96fe3e5c0e) Importer(815301076,1909f56bfc062723c751e8b465ee728b)  -> (artifact id: '31b70f2d0eb71ae07a210a051969d1f1') in 0.006000 seconds 
========================================================================
Received Import Request.
  Time since last request: 0.003534 seconds.
  path: Assets/Swarmify/Scenes/Centralized.unity
  artifactKey: Guid(8b5b3e82e8b7a744aae91259cfe6bde8) Importer(815301076,1909f56bfc062723c751e8b465ee728b)
Start importing Assets/Swarmify/Scenes/Centralized.unity using Guid(8b5b3e82e8b7a744aae91259cfe6bde8) Importer(815301076,1909f56bfc062723c751e8b465ee728b)  -> (artifact id: 'a6a96d12b4817814a1a34124f990d8ef') in 0.004227 seconds 
========================================================================
Received Import Request.
  Time since last request: 0.004390 seconds.
  path: Assets/Swarmify/Scripts
  artifactKey: Guid(cb6eaeb34dad88a478c0fb72b25e11ba) Importer(815301076,1909f56bfc062723c751e8b465ee728b)
Start importing Assets/Swarmify/Scripts using Guid(cb6eaeb34dad88a478c0fb72b25e11ba) Importer(815301076,1909f56bfc062723c751e8b465ee728b)  -> (artifact id: '48fdc56f9ce9cd5b6fb19fcb93bba53c') in 0.004298 seconds 
========================================================================
Received Import Request.
  Time since last request: 0.003438 seconds.
  path: Assets/Swarmify/Scripts/MotionPlanning/Centralized/CentralProcessor.cs
  artifactKey: Guid(6feb1a73b03a28740b53403906e4cbf6) Importer(815301076,1909f56bfc062723c751e8b465ee728b)
Start importing Assets/Swarmify/Scripts/MotionPlanning/Centralized/CentralProcessor.cs using Guid(6feb1a73b03a28740b53403906e4cbf6) Importer(815301076,1909f56bfc062723c751e8b465ee728b)  -> (artifact id: 'c6e650ba04e5ae49aefd4f94af8cee4b') in 0.004283 seconds 
========================================================================
Received Import Request.
  Time since last request: 0.002191 seconds.
  path: Assets/Swarmify/Prefabs
  artifactKey: Guid(22cf8b69a74a97749a6ac428a936353c) Importer(815301076,1909f56bfc062723c751e8b465ee728b)
Start importing Assets/Swarmify/Prefabs using Guid(22cf8b69a74a97749a6ac428a936353c) Importer(815301076,1909f56bfc062723c751e8b465ee728b)  -> (artifact id: 'dd5bf6c128e8603f855bb2435c550479') in 0.004323 seconds 
========================================================================
Received Import Request.
  Time since last request: 0.003206 seconds.
  path: Assets/Swarmify/Scripts/MotionPlanning/Leader.cs
  artifactKey: Guid(2eb20d9d1ae5479419f3d32158fbda7e) Importer(815301076,1909f56bfc062723c751e8b465ee728b)
Start importing Assets/Swarmify/Scripts/MotionPlanning/Leader.cs using Guid(2eb20d9d1ae5479419f3d32158fbda7e) Importer(815301076,1909f56bfc062723c751e8b465ee728b)  -> (artifact id: '43ea2cc221a6ffe66abb16e76e4f03ac') in 0.004260 seconds 
========================================================================
Received Import Request.
  Time since last request: 0.002364 seconds.
  path: Assets/Swarmify/Scripts/MotionPlanning
  artifactKey: Guid(5b40b21e9550cbe4da589f7c11a6d294) Importer(815301076,1909f56bfc062723c751e8b465ee728b)
Start importing Assets/Swarmify/Scripts/MotionPlanning using Guid(5b40b21e9550cbe4da589f7c11a6d294) Importer(815301076,1909f56bfc062723c751e8b465ee728b)  -> (artifact id: 'caf762d37dfca66a3ba334c7b653d460') in 0.004477 seconds 
========================================================================
Received Import Request.
  Time since last request: 0.002096 seconds.
  path: Assets/Swarmify/Graphics
  artifactKey: Guid(9efc16ea05aa530409d11cc46d1c6d8a) Importer(815301076,1909f56bfc062723c751e8b465ee728b)
Start importing Assets/Swarmify/Graphics using Guid(9efc16ea05aa530409d11cc46d1c6d8a) Importer(815301076,1909f56bfc062723c751e8b465ee728b)  -> (artifact id: '86b45d93c885b5959d2d8341e0ad8930') in 0.004311 seconds 
========================================================================
Received Import Request.
  Time since last request: 0.003812 seconds.
  path: Assets/Swarmify/Graphics/Drone16.png
  artifactKey: Guid(656f62781ba6eca4e90926cacf8fcc5a) Importer(815301076,1909f56bfc062723c751e8b465ee728b)
Start importing Assets/Swarmify/Graphics/Drone16.png using Guid(656f62781ba6eca4e90926cacf8fcc5a) Importer(815301076,1909f56bfc062723c751e8b465ee728b)  -> (artifact id: 'd2db4f949252252785df5ad15abea82a') in 0.008841 seconds 
========================================================================
Received Import Request.
  Time since last request: 0.003926 seconds.
  path: Assets/Swarmify/Material/mat_Floor.mat
  artifactKey: Guid(f0b31a9fb38fe6a40821cd8770abe73f) Importer(815301076,1909f56bfc062723c751e8b465ee728b)
Start importing Assets/Swarmify/Material/mat_Floor.mat using Guid(f0b31a9fb38fe6a40821cd8770abe73f) Importer(815301076,1909f56bfc062723c751e8b465ee728b)  -> (artifact id: '7877c347b44dd1a3ec506dbe866d8c9a') in 0.015491 seconds 
========================================================================
Received Import Request.
  Time since last request: 0.002409 seconds.
  path: Assets/Swarmify/Fonts
  artifactKey: Guid(450781f48c127d54eae17b69ed6d9245) Importer(815301076,1909f56bfc062723c751e8b465ee728b)
Start importing Assets/Swarmify/Fonts using Guid(450781f48c127d54eae17b69ed6d9245) Importer(815301076,1909f56bfc062723c751e8b465ee728b)  -> (artifact id: 'f6a18b40d360fbc73792a732ff9bb987') in 0.004805 seconds 
========================================================================
Received Import Request.
  Time since last request: 0.002442 seconds.
  path: Assets/Swarmify/Material
  artifactKey: Guid(5ce7e528322818942ae374ae3097b0d2) Importer(815301076,1909f56bfc062723c751e8b465ee728b)
Start importing Assets/Swarmify/Material using Guid(5ce7e528322818942ae374ae3097b0d2) Importer(815301076,1909f56bfc062723c751e8b465ee728b)  -> (artifact id: 'f7023354809cff2942bb47c78e41269b') in 0.004352 seconds 
========================================================================
Received Import Request.
  Time since last request: 0.007897 seconds.
  path: Assets/Swarmify/Scripts/MotionPlanning/GPU/ComputeShaderManager.cs
  artifactKey: Guid(01175cf9b64279d49b364e73985a1463) Importer(815301076,1909f56bfc062723c751e8b465ee728b)
Start importing Assets/Swarmify/Scripts/MotionPlanning/GPU/ComputeShaderManager.cs using Guid(01175cf9b64279d49b364e73985a1463) Importer(815301076,1909f56bfc062723c751e8b465ee728b)  -> (artifact id: '8ac648a16703f89522cdeabe1143cf06') in 0.004695 seconds 
========================================================================
Received Import Request.
  Time since last request: 0.003778 seconds.
  path: Assets/Swarmify/Scripts/MotionPlanning/Follower.cs
  artifactKey: Guid(3746c149419d1184ea7d9ebc50013e2a) Importer(815301076,1909f56bfc062723c751e8b465ee728b)
Start importing Assets/Swarmify/Scripts/MotionPlanning/Follower.cs using Guid(3746c149419d1184ea7d9ebc50013e2a) Importer(815301076,1909f56bfc062723c751e8b465ee728b)  -> (artifact id: '30ca41bc3f37c6dbbe1140064b6a3de6') in 0.004761 seconds 
========================================================================
Received Import Request.
  Time since last request: 0.003669 seconds.
  path: Assets/Swarmify/Scripts/MotionPlanning/Centralized/CentralizedDrone.cs
  artifactKey: Guid(0a3ba7e47180adf4588772be052c30fa) Importer(815301076,1909f56bfc062723c751e8b465ee728b)
Start importing Assets/Swarmify/Scripts/MotionPlanning/Centralized/CentralizedDrone.cs using Guid(0a3ba7e47180adf4588772be052c30fa) Importer(815301076,1909f56bfc062723c751e8b465ee728b)  -> (artifact id: 'd5c2155eedf3dc8a6a1df2f4cb4dc6a0') in 0.004816 seconds 
========================================================================
Received Import Request.
  Time since last request: 0.002208 seconds.
  path: Assets/Swarmify/Readme
  artifactKey: Guid(c158b900366c863449bb3de966f2c9d5) Importer(815301076,1909f56bfc062723c751e8b465ee728b)
Start importing Assets/Swarmify/Readme using Guid(c158b900366c863449bb3de966f2c9d5) Importer(815301076,1909f56bfc062723c751e8b465ee728b)  -> (artifact id: 'a6379d7393fab458e5237f2644d65c26') in 0.004585 seconds 
========================================================================
Received Import Request.
  Time since last request: 0.002353 seconds.
  path: Assets/Swarmify/Scripts/MotionPlanning/GPU
  artifactKey: Guid(2746dff6d0929534cbf2d6ceaab4e815) Importer(815301076,1909f56bfc062723c751e8b465ee728b)
Start importing Assets/Swarmify/Scripts/MotionPlanning/GPU using Guid(2746dff6d0929534cbf2d6ceaab4e815) Importer(815301076,1909f56bfc062723c751e8b465ee728b)  -> (artifact id: 'e851db18b1edf8e540ae93b2dd87b2d8') in 0.004277 seconds 
========================================================================
Received Import Request.
  Time since last request: 0.002216 seconds.
  path: Assets/Swarmify/Models
  artifactKey: Guid(1c39e5a7cace8d245b9d68ad057d6e49) Importer(815301076,1909f56bfc062723c751e8b465ee728b)
Start importing Assets/Swarmify/Models using Guid(1c39e5a7cace8d245b9d68ad057d6e49) Importer(815301076,1909f56bfc062723c751e8b465ee728b)  -> (artifact id: 'd5e3928839f6c06b7e58dbe14215f6d6') in 0.004501 seconds 
========================================================================
Received Import Request.
  Time since last request: 0.006974 seconds.
  path: Assets/Swarmify/Scripts/UI/UI_Manager.cs
  artifactKey: Guid(aaa85db37343c0d4ab70679c2ed20394) Importer(815301076,1909f56bfc062723c751e8b465ee728b)
Start importing Assets/Swarmify/Scripts/UI/UI_Manager.cs using Guid(aaa85db37343c0d4ab70679c2ed20394) Importer(815301076,1909f56bfc062723c751e8b465ee728b)  -> (artifact id: '3b2d7626cc86a71c8b34ef17e835689d') in 0.004514 seconds 
========================================================================
Received Import Request.
  Time since last request: 0.003447 seconds.
  path: Assets/Swarmify/Material/mat_Line.mat
  artifactKey: Guid(31e83de3e1a7a324093c90ab16464f8f) Importer(815301076,1909f56bfc062723c751e8b465ee728b)
Start importing Assets/Swarmify/Material/mat_Line.mat using Guid(31e83de3e1a7a324093c90ab16464f8f) Importer(815301076,1909f56bfc062723c751e8b465ee728b)  -> (artifact id: '3fe7d726ae042c7f250424172c1fbbbb') in 0.029451 seconds 
========================================================================
Received Import Request.
  Time since last request: 0.003869 seconds.
  path: Assets/Swarmify/Prefabs/CentralizedDrone.prefab
  artifactKey: Guid(1ddb990a37953194e93499b28cc64158) Importer(815301076,1909f56bfc062723c751e8b465ee728b)
Start importing Assets/Swarmify/Prefabs/CentralizedDrone.prefab using Guid(1ddb990a37953194e93499b28cc64158) Importer(815301076,1909f56bfc062723c751e8b465ee728b)  -> (artifact id: 'aa96defb09585acf67fc584038100aae') in 0.014031 seconds 
========================================================================
Received Import Request.
  Time since last request: 0.004194 seconds.
  path: Assets/Swarmify/Graphics/UI_Button_small.png
  artifactKey: Guid(ac5c3e5110ed25c4cba715744ff65035) Importer(815301076,1909f56bfc062723c751e8b465ee728b)
Start importing Assets/Swarmify/Graphics/UI_Button_small.png using Guid(ac5c3e5110ed25c4cba715744ff65035) Importer(815301076,1909f56bfc062723c751e8b465ee728b)  -> (artifact id: 'f2ce6aa4864e9a8fc9bfc9660a0e2e7c') in 0.012924 seconds 
========================================================================
Received Import Request.
  Time since last request: 0.004968 seconds.
  path: Assets/Swarmify/Scripts/MotionPlanning/DroneOrientation.cs
  artifactKey: Guid(cc94dc922f3376042bc8f86b3d55165e) Importer(815301076,1909f56bfc062723c751e8b465ee728b)
Start importing Assets/Swarmify/Scripts/MotionPlanning/DroneOrientation.cs using Guid(cc94dc922f3376042bc8f86b3d55165e) Importer(815301076,1909f56bfc062723c751e8b465ee728b)  -> (artifact id: '07220665687fdd1cd3e29165a54c8c55') in 0.004845 seconds 
========================================================================
Received Import Request.
  Time since last request: 0.003900 seconds.
  path: Assets/Swarmify/Graphics/Grey_bright_16.png
  artifactKey: Guid(70c72dac4b2ff5c44b903972c6eada48) Importer(815301076,1909f56bfc062723c751e8b465ee728b)
Start importing Assets/Swarmify/Graphics/Grey_bright_16.png using Guid(70c72dac4b2ff5c44b903972c6eada48) Importer(815301076,1909f56bfc062723c751e8b465ee728b)  -> (artifact id: '929b100dc0bedae256e27b07291d120e') in 0.009156 seconds 
========================================================================
Received Import Request.
  Time since last request: 0.003855 seconds.
  path: Assets/Swarmify/Material/mat_Leader.mat
  artifactKey: Guid(f6aafbc1714a1314088c843f94ca333d) Importer(815301076,1909f56bfc062723c751e8b465ee728b)
Start importing Assets/Swarmify/Material/mat_Leader.mat using Guid(f6aafbc1714a1314088c843f94ca333d) Importer(815301076,1909f56bfc062723c751e8b465ee728b)  -> (artifact id: '14e430d7bf9f1b22e2f193d34d91b9b7') in 0.011318 seconds 
========================================================================
Received Import Request.
  Time since last request: 0.004440 seconds.
  path: Assets/Swarmify/Graphics/Grey_bright_stripes_16.png
  artifactKey: Guid(b0b908456815054478b12ad5d7dc6b17) Importer(815301076,1909f56bfc062723c751e8b465ee728b)
Start importing Assets/Swarmify/Graphics/Grey_bright_stripes_16.png using Guid(b0b908456815054478b12ad5d7dc6b17) Importer(815301076,1909f56bfc062723c751e8b465ee728b)  -> (artifact id: '32e4938c3394844933d7d76236650a10') in 0.008968 seconds 
========================================================================
Received Import Request.
  Time since last request: 0.004233 seconds.
  path: Assets/Swarmify/Models/IcoSphereOBJ.obj
  artifactKey: Guid(2558e7d7929618e40a81825e88940592) Importer(815301076,1909f56bfc062723c751e8b465ee728b)
Start importing Assets/Swarmify/Models/IcoSphereOBJ.obj using Guid(2558e7d7929618e40a81825e88940592) Importer(815301076,1909f56bfc062723c751e8b465ee728b)  -> (artifact id: '150e246f55829aba6d7abc0f92d2cf5f') in 0.027992 seconds 
========================================================================
Received Import Request.
  Time since last request: 0.004499 seconds.
  path: Assets/Swarmify/Material/mat_Target.mat
  artifactKey: Guid(10c604b0ab6f6d94e9ace6f4e2bc133a) Importer(815301076,1909f56bfc062723c751e8b465ee728b)
Start importing Assets/Swarmify/Material/mat_Target.mat using Guid(10c604b0ab6f6d94e9ace6f4e2bc133a) Importer(815301076,1909f56bfc062723c751e8b465ee728b)  -> (artifact id: '90c8bb06270b7b82764a81b74cbb3207') in 0.145166 seconds 
========================================================================
Received Import Request.
  Time since last request: 0.003991 seconds.
  path: Assets/Swarmify/Scripts/UI/UI_SliderMaxPower.cs
  artifactKey: Guid(eafd5d8c35c206d449f7a3983c135b25) Importer(815301076,1909f56bfc062723c751e8b465ee728b)
Start importing Assets/Swarmify/Scripts/UI/UI_SliderMaxPower.cs using Guid(eafd5d8c35c206d449f7a3983c135b25) Importer(815301076,1909f56bfc062723c751e8b465ee728b)  -> (artifact id: '0cb00d3a6ed340c8c24aa137270fd7bf') in 0.004500 seconds 
========================================================================
Received Import Request.
  Time since last request: 0.003789 seconds.
  path: Assets/Swarmify/Graphics/Grey_50_16.png
  artifactKey: Guid(e8e80886c461e864b8f99cafa17bd8ed) Importer(815301076,1909f56bfc062723c751e8b465ee728b)
Start importing Assets/Swarmify/Graphics/Grey_50_16.png using Guid(e8e80886c461e864b8f99cafa17bd8ed) Importer(815301076,1909f56bfc062723c751e8b465ee728b)  -> (artifact id: '0dca48bdda4e5b2cebc2c08b2b224f7b') in 0.009039 seconds 
========================================================================
Received Import Request.
  Time since last request: 0.008359 seconds.
  path: Assets/Swarmify/Graphics/TargetArrow16.png
  artifactKey: Guid(8f65b9ceabfec8744a9bb3eba145e006) Importer(815301076,1909f56bfc062723c751e8b465ee728b)
Start importing Assets/Swarmify/Graphics/TargetArrow16.png using Guid(8f65b9ceabfec8744a9bb3eba145e006) Importer(815301076,1909f56bfc062723c751e8b465ee728b)  -> (artifact id: 'a623cedf62380a10e03036603a590b91') in 0.009043 seconds 
========================================================================
Received Import Request.
  Time since last request: 0.004679 seconds.
  path: Assets/Swarmify/Readme/01_AddLayerNames.png
  artifactKey: Guid(fb864c3eaa23b994cbc8a703fca8cd68) Importer(815301076,1909f56bfc062723c751e8b465ee728b)
Start importing Assets/Swarmify/Readme/01_AddLayerNames.png using Guid(fb864c3eaa23b994cbc8a703fca8cd68) Importer(815301076,1909f56bfc062723c751e8b465ee728b)  -> (artifact id: '15dc774e463240ca575be6b389c6ce1b') in 0.011088 seconds 
========================================================================
Received Import Request.
  Time since last request: 0.004541 seconds.
  path: Assets/Swarmify/Readme/02_SetMap.png
  artifactKey: Guid(341d7de2f673a484b8b0b4c40d816bd6) Importer(815301076,1909f56bfc062723c751e8b465ee728b)
Start importing Assets/Swarmify/Readme/02_SetMap.png using Guid(341d7de2f673a484b8b0b4c40d816bd6) Importer(815301076,1909f56bfc062723c751e8b465ee728b)  -> (artifact id: '23780f9949d38465d1169c700d9efa3f') in 0.009758 seconds 
========================================================================
Received Import Request.
  Time since last request: 0.003987 seconds.
  path: Assets/Swarmify/Prefabs/CentralizedDroneRigidbody.prefab
  artifactKey: Guid(d05fe35042b34e044a6bb46ebc56c1ca) Importer(815301076,1909f56bfc062723c751e8b465ee728b)
Start importing Assets/Swarmify/Prefabs/CentralizedDroneRigidbody.prefab using Guid(d05fe35042b34e044a6bb46ebc56c1ca) Importer(815301076,1909f56bfc062723c751e8b465ee728b)  -> (artifact id: 'bbf5dd498df9cc818d440e19c7867335') in 0.011284 seconds 
========================================================================
Received Import Request.
  Time since last request: 0.007507 seconds.
  path: Assets/Swarmify/Graphics/Grey_dark_16.png
  artifactKey: Guid(9b173c3be1173874db9238877c00aad3) Importer(815301076,1909f56bfc062723c751e8b465ee728b)
Start importing Assets/Swarmify/Graphics/Grey_dark_16.png using Guid(9b173c3be1173874db9238877c00aad3) Importer(815301076,1909f56bfc062723c751e8b465ee728b)  -> (artifact id: '6b4fa0216da5adafdb7d39ac050dd603') in 0.008496 seconds 
========================================================================
Received Import Request.
  Time since last request: 0.003810 seconds.
  path: Assets/Swarmify/Material/mat_Sensor.mat
  artifactKey: Guid(e4c7859843036ee4d919eefb21a700de) Importer(815301076,1909f56bfc062723c751e8b465ee728b)
Start importing Assets/Swarmify/Material/mat_Sensor.mat using Guid(e4c7859843036ee4d919eefb21a700de) Importer(815301076,1909f56bfc062723c751e8b465ee728b)  -> (artifact id: 'ddf9fac428f7b9a56b5507ff9515f01c') in 0.030072 seconds 
========================================================================
Received Import Request.
  Time since last request: 0.004216 seconds.
  path: Assets/Swarmify/Graphics/White16.png
  artifactKey: Guid(fd4ca6edbc6e1b84c9966f8ae861d300) Importer(815301076,1909f56bfc062723c751e8b465ee728b)
Start importing Assets/Swarmify/Graphics/White16.png using Guid(fd4ca6edbc6e1b84c9966f8ae861d300) Importer(815301076,1909f56bfc062723c751e8b465ee728b)  -> (artifact id: '34ac7124049421b81d2621abea3ecae1') in 0.008399 seconds 
========================================================================
Received Import Request.
  Time since last request: 0.003966 seconds.
  path: Assets/Swarmify/Material/mat_Ostacle.mat
  artifactKey: Guid(50ff7f3221bc607439c11b78fb11b7bb) Importer(815301076,1909f56bfc062723c751e8b465ee728b)
Start importing Assets/Swarmify/Material/mat_Ostacle.mat using Guid(50ff7f3221bc607439c11b78fb11b7bb) Importer(815301076,1909f56bfc062723c751e8b465ee728b)  -> (artifact id: '8cf2bf2c80de50b0bb5140b6995f52b5') in 0.096332 seconds 
========================================================================
Received Import Request.
  Time since last request: 0.003988 seconds.
  path: Assets/Swarmify/Scripts/UI/Standard/AUI_Slider.cs
  artifactKey: Guid(b8bde4776a579084285c1b8f77210d62) Importer(815301076,1909f56bfc062723c751e8b465ee728b)
Start importing Assets/Swarmify/Scripts/UI/Standard/AUI_Slider.cs using Guid(b8bde4776a579084285c1b8f77210d62) Importer(815301076,1909f56bfc062723c751e8b465ee728b)  -> (artifact id: '4a047fcd6a4edc2f37ad314b7f0fbd34') in 0.004985 seconds 
========================================================================
Received Import Request.
  Time since last request: 0.004014 seconds.
  path: Assets/Swarmify/Models/ArrowOBJ.obj
  artifactKey: Guid(f073b68578d26424e8b6f6f0da9fb0d9) Importer(815301076,1909f56bfc062723c751e8b465ee728b)
Start importing Assets/Swarmify/Models/ArrowOBJ.obj using Guid(f073b68578d26424e8b6f6f0da9fb0d9) Importer(815301076,1909f56bfc062723c751e8b465ee728b)  -> (artifact id: '71a831ede3fbc152038bed05d111d5eb') in 0.020774 seconds 
========================================================================
Received Import Request.
  Time since last request: 0.003799 seconds.
  path: Assets/Swarmify/Prefabs/CentralizedProcessor.prefab
  artifactKey: Guid(660cf408b3d93f143a0e9f33c7692da1) Importer(815301076,1909f56bfc062723c751e8b465ee728b)
Start importing Assets/Swarmify/Prefabs/CentralizedProcessor.prefab using Guid(660cf408b3d93f143a0e9f33c7692da1) Importer(815301076,1909f56bfc062723c751e8b465ee728b)  -> (artifact id: '3db711558fc90b4dba9b831af83bf226') in 0.006484 seconds 
========================================================================
Received Import Request.
  Time since last request: 0.002407 seconds.
  path: Assets/Swarmify/Scripts/UI
  artifactKey: Guid(ea3988c601f29f64a9a14a062865e318) Importer(815301076,1909f56bfc062723c751e8b465ee728b)
Start importing Assets/Swarmify/Scripts/UI using Guid(ea3988c601f29f64a9a14a062865e318) Importer(815301076,1909f56bfc062723c751e8b465ee728b)  -> (artifact id: '3c867522d19a142ae28d9737c6d2c853') in 0.004358 seconds 
========================================================================
Received Import Request.
  Time since last request: 0.007049 seconds.
  path: Assets/Swarmify/Readme/readme.md
  artifactKey: Guid(70a3f57b3ee6a7344a61c293563795bf) Importer(815301076,1909f56bfc062723c751e8b465ee728b)
Start importing Assets/Swarmify/Readme/readme.md using Guid(70a3f57b3ee6a7344a61c293563795bf) Importer(815301076,1909f56bfc062723c751e8b465ee728b)  -> (artifact id: 'cb199164aa92eefb6152e0d14b75f343') in 0.010500 seconds 
========================================================================
Received Import Request.
  Time since last request: 0.003473 seconds.
  path: Assets/Swarmify/Scripts/UI/UI_SliderSight.cs
  artifactKey: Guid(32a2a1c43399c5549b0adca706c31ccf) Importer(815301076,1909f56bfc062723c751e8b465ee728b)
Start importing Assets/Swarmify/Scripts/UI/UI_SliderSight.cs using Guid(32a2a1c43399c5549b0adca706c31ccf) Importer(815301076,1909f56bfc062723c751e8b465ee728b)  -> (artifact id: '6df40f297ae566e86f316d28583ebe09') in 0.004484 seconds 
========================================================================
Received Import Request.
  Time since last request: 0.003474 seconds.
  path: Assets/Swarmify/Prefabs/AutonomousDroneDirected.prefab
  artifactKey: Guid(2703bbd965025b24094e138d07b61fde) Importer(815301076,1909f56bfc062723c751e8b465ee728b)
Start importing Assets/Swarmify/Prefabs/AutonomousDroneDirected.prefab using Guid(2703bbd965025b24094e138d07b61fde) Importer(815301076,1909f56bfc062723c751e8b465ee728b)  -> (artifact id: '9c81b018e1a727b9940498d732ddf9c4') in 0.014882 seconds 
========================================================================
Received Import Request.
  Time since last request: 0.004002 seconds.
  path: Assets/Swarmify/Scripts/MotionPlanning/AutonomousDrone.cs
  artifactKey: Guid(8606820ff3524f44cbb1a12f9084fc09) Importer(815301076,1909f56bfc062723c751e8b465ee728b)
Start importing Assets/Swarmify/Scripts/MotionPlanning/AutonomousDrone.cs using Guid(8606820ff3524f44cbb1a12f9084fc09) Importer(815301076,1909f56bfc062723c751e8b465ee728b)  -> (artifact id: '1de005a673ebef0806ca287e74d4c23d') in 0.004692 seconds 
========================================================================
Received Import Request.
  Time since last request: 0.003818 seconds.
  path: Assets/Swarmify/Readme/03_ScenesInBuild.png
  artifactKey: Guid(4ce15e765453eec4988714fdccbcc5ec) Importer(815301076,1909f56bfc062723c751e8b465ee728b)
Start importing Assets/Swarmify/Readme/03_ScenesInBuild.png using Guid(4ce15e765453eec4988714fdccbcc5ec) Importer(815301076,1909f56bfc062723c751e8b465ee728b)  -> (artifact id: '52d6a1d90705e18a4aa6f26c93892b02') in 0.009328 seconds 
========================================================================
Received Import Request.
  Time since last request: 0.002569 seconds.
  path: Assets/Swarmify/Scenes
  artifactKey: Guid(4f704ae4b4f98ae41a0bce26658850c1) Importer(815301076,1909f56bfc062723c751e8b465ee728b)
Start importing Assets/Swarmify/Scenes using Guid(4f704ae4b4f98ae41a0bce26658850c1) Importer(815301076,1909f56bfc062723c751e8b465ee728b)  -> (artifact id: 'afdd990117e546394f17e78277df244d') in 0.004644 seconds 
========================================================================
Received Import Request.
  Time since last request: 0.003520 seconds.
  path: Assets/Swarmify/Scripts/MotionPlanning/FollowTransform.cs
  artifactKey: Guid(15b9d6853bdf0a04d828afd91e0d85c3) Importer(815301076,1909f56bfc062723c751e8b465ee728b)
Start importing Assets/Swarmify/Scripts/MotionPlanning/FollowTransform.cs using Guid(15b9d6853bdf0a04d828afd91e0d85c3) Importer(815301076,1909f56bfc062723c751e8b465ee728b)  -> (artifact id: '4b54276eca224d3a3b04b92e3e469b74') in 0.004345 seconds 
========================================================================
Received Import Request.
  Time since last request: 0.003814 seconds.
  path: Assets/Swarmify/Graphics/Grey_75_16.png
  artifactKey: Guid(641bcaf5a7bb3014884b85d916d28009) Importer(815301076,1909f56bfc062723c751e8b465ee728b)
Start importing Assets/Swarmify/Graphics/Grey_75_16.png using Guid(641bcaf5a7bb3014884b85d916d28009) Importer(815301076,1909f56bfc062723c751e8b465ee728b)  -> (artifact id: 'ecfd86ca1759ed155c6434ac41de949a') in 0.008647 seconds 
========================================================================
Received Import Request.
  Time since last request: 0.003789 seconds.
  path: Assets/Swarmify/Scripts/DroneBody.cs
  artifactKey: Guid(54ee02594a4bae44990c6934b9ba3286) Importer(815301076,1909f56bfc062723c751e8b465ee728b)
Start importing Assets/Swarmify/Scripts/DroneBody.cs using Guid(54ee02594a4bae44990c6934b9ba3286) Importer(815301076,1909f56bfc062723c751e8b465ee728b)  -> (artifact id: 'd06a8832f8eac4fa4f65dbe2ee109f89') in 0.004320 seconds 
========================================================================
Received Import Request.
  Time since last request: 0.003531 seconds.
  path: Assets/Swarmify/Scripts/LeaderMarker.cs
  artifactKey: Guid(0f4dd7185b1201247a06bcafebaaa0a5) Importer(815301076,1909f56bfc062723c751e8b465ee728b)
Start importing Assets/Swarmify/Scripts/LeaderMarker.cs using Guid(0f4dd7185b1201247a06bcafebaaa0a5) Importer(815301076,1909f56bfc062723c751e8b465ee728b)  -> (artifact id: '75c1b503cee93bc056ccfd7e787d45c2') in 0.004250 seconds 
========================================================================
Received Import Request.
  Time since last request: 0.003657 seconds.
  path: Assets/Swarmify/Readme/readme.pdf
  artifactKey: Guid(75a7b2e582c7f3441b00d9ab21d8c482) Importer(815301076,1909f56bfc062723c751e8b465ee728b)
Start importing Assets/Swarmify/Readme/readme.pdf using Guid(75a7b2e582c7f3441b00d9ab21d8c482) Importer(815301076,1909f56bfc062723c751e8b465ee728b)  -> (artifact id: '5db83f498dc5cde5ff9f68b52bba587c') in 0.003243 seconds 
========================================================================
Received Import Request.
  Time since last request: 0.003471 seconds.
  path: Assets/Swarmify/Prefabs/AutonomousDrone.prefab
  artifactKey: Guid(2537631523e16984198b76459e11a74e) Importer(815301076,1909f56bfc062723c751e8b465ee728b)
Start importing Assets/Swarmify/Prefabs/AutonomousDrone.prefab using Guid(2537631523e16984198b76459e11a74e) Importer(815301076,1909f56bfc062723c751e8b465ee728b)  -> (artifact id: '24b1721ef543fd984e33feff51b685a8') in 0.012035 seconds 
========================================================================
Received Import Request.
  Time since last request: 0.004494 seconds.
  path: Assets/Swarmify/Scripts/InGameViewportCamera.cs
  artifactKey: Guid(9e37c871a68439443bf9d95f180ffba8) Importer(815301076,1909f56bfc062723c751e8b465ee728b)
Start importing Assets/Swarmify/Scripts/InGameViewportCamera.cs using Guid(9e37c871a68439443bf9d95f180ffba8) Importer(815301076,1909f56bfc062723c751e8b465ee728b)  -> (artifact id: 'f8673ef4447d2b0fb46267605cd39788') in 0.004631 seconds 
========================================================================
Received Import Request.
  Time since last request: 0.006570 seconds.
  path: Assets/Swarmify/Scripts/MotionPlanning/Centralized
  artifactKey: Guid(00f1e66d4b170294eb12e95de04e36f6) Importer(815301076,1909f56bfc062723c751e8b465ee728b)
Start importing Assets/Swarmify/Scripts/MotionPlanning/Centralized using Guid(00f1e66d4b170294eb12e95de04e36f6) Importer(815301076,1909f56bfc062723c751e8b465ee728b)  -> (artifact id: '0a6f74467c6ea26e79600a2d498eb90d') in 0.004613 seconds 
========================================================================
Received Import Request.
  Time since last request: 0.003448 seconds.
  path: Assets/Swarmify/Scripts/UI/UI_ShowFPS.cs
  artifactKey: Guid(80927ad23a639ed45b5ee51a5c61af15) Importer(815301076,1909f56bfc062723c751e8b465ee728b)
Start importing Assets/Swarmify/Scripts/UI/UI_ShowFPS.cs using Guid(80927ad23a639ed45b5ee51a5c61af15) Importer(815301076,1909f56bfc062723c751e8b465ee728b)  -> (artifact id: 'b9374c9129cdfc40f7cd680c9366a96a') in 0.004504 seconds 
========================================================================
Received Import Request.
  Time since last request: 0.003401 seconds.
  path: Assets/Swarmify/Scripts/DroneGenerator.cs
  artifactKey: Guid(4499fed61d3f8ee40b6089e123f0fbed) Importer(815301076,1909f56bfc062723c751e8b465ee728b)
Start importing Assets/Swarmify/Scripts/DroneGenerator.cs using Guid(4499fed61d3f8ee40b6089e123f0fbed) Importer(815301076,1909f56bfc062723c751e8b465ee728b)  -> (artifact id: 'af2564ffbe7e572b8877e3b346b099fe') in 0.004430 seconds 
========================================================================
Received Prepare
Registering precompiled user dll's ...
Registered in 0.000395 seconds.
Begin MonoManager ReloadAssembly
Native extension for WindowsStandalone target not found
Refreshing native plugins compatible for Editor in 0.21 ms, found 0 plugins.
Preloading 0 native plugins for Editor in 0.00 ms.
Mono: successfully reloaded assembly
- Completed reload, in  0.727 seconds
Domain Reload Profiling:
	ReloadAssembly (728ms)
		BeginReloadAssembly (119ms)
			ExecutionOrderSort (0ms)
			DisableScriptedObjects (6ms)
			BackupInstance (0ms)
			ReleaseScriptingObjects (0ms)
			CreateAndSetChildDomain (27ms)
		EndReloadAssembly (519ms)
			LoadAssemblies (65ms)
			RebuildTransferFunctionScriptingTraits (0ms)
			SetupTypeCache (123ms)
			ReleaseScriptCaches (1ms)
			RebuildScriptCaches (34ms)
			SetupLoadedEditorAssemblies (253ms)
				LogAssemblyErrors (0ms)
				InitializePlatformSupportModulesInManaged (12ms)
				SetLoadedEditorAssemblies (1ms)
				RefreshPlugins (0ms)
				BeforeProcessingInitializeOnLoad (49ms)
				ProcessInitializeOnLoadAttributes (149ms)
				ProcessInitializeOnLoadMethodAttributes (30ms)
				AfterProcessingInitializeOnLoad (12ms)
				EditorAssembliesLoaded (0ms)
			ExecutionOrderSort2 (0ms)
			AwakeInstancesAfterBackupRestoration (8ms)
Platform modules already initialized, skipping
Refreshing native plugins compatible for Editor in 0.35 ms, found 0 plugins.
Preloading 0 native plugins for Editor in 0.00 ms.
Unloading 1072 Unused Serialized files (Serialized files now loaded: 0)
Unloading 5 unused Assets / (60.8 KB). Loaded Objects now: 1628.
Memory consumption went from 58.3 MB to 58.3 MB.
Total: 2.701800 ms (FindLiveObjects: 0.133700 ms CreateObjectMapping: 0.075000 ms MarkObjects: 2.447600 ms  DeleteObjects: 0.044700 ms)

AssetImportParameters requested are different than current active one (requested -> active):
  custom:video-decoder-ogg-theora: a1e56fd34408186e4bbccfd4996cb3dc -> 
  custom:container-muxer-webm: aa71ff27fc2769a1b78a27578f13a17b -> 
  custom:container-demuxer-webm: 4f35f7cbe854078d1ac9338744f61a02 -> 
  custom:video-encoder-webm-vp8: eb34c28f22e8b96e1ab97ce403110664 -> 
  custom:audio-encoder-webm-vorbis: bf7c407c2cedff20999df2af8eb42d56 -> 
  custom:framework-win-MediaFoundation: 216162199b28c13a410421893ffa2e32 -> 
  custom:container-demuxer-ogg: 62fdf1f143b41e24485cea50d1cbac27 -> 
  custom:video-decoder-webm-vp8: 9c59270c3fd7afecdb556c50c9e8de78 -> 
  custom:audio-decoder-ogg-vorbis: bf7c407c2cedff20999df2af8eb42d56 -> 
